# JRE version: OpenJDK Runtime Environment Corretto-22.0.2.9.1 (22.0.2+9) (build 22.0.2+9-FR)
# Java VM: OpenJDK 64-Bit Server VM Corretto-22.0.2.9.1 (22.0.2+9-FR, mixed mode, sharing, tiered, compressed oops, compressed class ptrs, g1 gc, windows-amd64)
GC Precious Log:
 CardTable entry size: 512
 Card Set container configuration: InlinePtr #cards 5 size 8 Array Of Cards #cards 12 size 40 Howl #buckets 4 coarsen threshold 1843 Howl Bitmap #cards 512 size 80 coarsen threshold 460 Card regions per heap region 1 cards per card region 2048
 CPUs: 8 total, 8 available
 Memory: 7985M
 Large Page Support: Disabled
 NUMA Support: Disabled
 Compressed Oops: Enabled (32-bit)
 Heap Region Size: 1M
 Heap Min Capacity: 8M
 Heap Initial Capacity: 126M
 Heap Max Capacity: 1998M
 Pre-touch: Disabled
 Parallel Workers: 8
 Concurrent Workers: 2
 Concurrent Refinement Workers: 8
 Periodic GC: Disabled
Heap:
 garbage-first heap   total reserved 2045952K, committed 115712K, used 70152K [0x0000000083200000, 0x0000000100000000)
  region size 1024K, 20 young (20480K), 5 survivors (5120K)
 Metaspace       used 86042K, committed 86976K, reserved 1179648K
  class space    used 11902K, committed 12288K, reserved 1048576K
GC Heap History (20 events):
Event: 16.627 GC heap before
{Heap before GC invocations=21 (full 0):
 garbage-first heap   total reserved 2045952K, committed 79872K, used 69804K [0x0000000083200000, 0x0000000100000000)
  region size 1024K, 31 young (31744K), 4 survivors (4096K)
 Metaspace       used 73143K, committed 73856K, reserved 1114112K
  class space    used 10170K, committed 10432K, reserved 1048576K
}
Event: 16.632 GC heap after
{Heap after GC invocations=22 (full 0):
 garbage-first heap   total reserved 2045952K, committed 79872K, used 43711K [0x0000000083200000, 0x0000000100000000)
  region size 1024K, 3 young (3072K), 3 survivors (3072K)
 Metaspace       used 73143K, committed 73856K, reserved 1114112K
  class space    used 10170K, committed 10432K, reserved 1048576K
}
Event: 16.845 GC heap before
{Heap before GC invocations=22 (full 0):
 garbage-first heap   total reserved 2045952K, committed 79872K, used 71359K [0x0000000083200000, 0x0000000100000000)
  region size 1024K, 30 young (30720K), 3 survivors (3072K)
 Metaspace       used 73916K, committed 74624K, reserved 1114112K
  class space    used 10289K, committed 10624K, reserved 1048576K
}
Event: 16.852 GC heap after
{Heap after GC invocations=23 (full 0):
 garbage-first heap   total reserved 2045952K, committed 79872K, used 44877K [0x0000000083200000, 0x0000000100000000)
  region size 1024K, 4 young (4096K), 4 survivors (4096K)
 Metaspace       used 73916K, committed 74624K, reserved 1114112K
  class space    used 10289K, committed 10624K, reserved 1048576K
}
Event: 17.136 GC heap before
{Heap before GC invocations=23 (full 0):
 garbage-first heap   total reserved 2045952K, committed 79872K, used 69453K [0x0000000083200000, 0x0000000100000000)
  region size 1024K, 28 young (28672K), 4 survivors (4096K)
 Metaspace       used 74576K, committed 75392K, reserved 1114112K
  class space    used 10379K, committed 10752K, reserved 1048576K
}
Event: 17.141 GC heap after
{Heap after GC invocations=24 (full 0):
 garbage-first heap   total reserved 2045952K, committed 79872K, used 45932K [0x0000000083200000, 0x0000000100000000)
  region size 1024K, 3 young (3072K), 3 survivors (3072K)
 Metaspace       used 74576K, committed 75392K, reserved 1114112K
  class space    used 10379K, committed 10752K, reserved 1048576K
}
Event: 17.408 GC heap before
{Heap before GC invocations=25 (full 0):
 garbage-first heap   total reserved 2045952K, committed 79872K, used 69484K [0x0000000083200000, 0x0000000100000000)
  region size 1024K, 27 young (27648K), 3 survivors (3072K)
 Metaspace       used 74983K, committed 75840K, reserved 1179648K
  class space    used 10441K, committed 10816K, reserved 1048576K
}
Event: 17.412 GC heap after
{Heap after GC invocations=26 (full 0):
 garbage-first heap   total reserved 2045952K, committed 79872K, used 47012K [0x0000000083200000, 0x0000000100000000)
  region size 1024K, 3 young (3072K), 3 survivors (3072K)
 Metaspace       used 74983K, committed 75840K, reserved 1179648K
  class space    used 10441K, committed 10816K, reserved 1048576K
}
Event: 17.655 GC heap before
{Heap before GC invocations=26 (full 0):
 garbage-first heap   total reserved 2045952K, committed 79872K, used 70564K [0x0000000083200000, 0x0000000100000000)
  region size 1024K, 26 young (26624K), 3 survivors (3072K)
 Metaspace       used 75298K, committed 76160K, reserved 1179648K
  class space    used 10499K, committed 10880K, reserved 1048576K
}
Event: 17.661 GC heap after
{Heap after GC invocations=27 (full 0):
 garbage-first heap   total reserved 2045952K, committed 96256K, used 47530K [0x0000000083200000, 0x0000000100000000)
  region size 1024K, 4 young (4096K), 4 survivors (4096K)
 Metaspace       used 75298K, committed 76160K, reserved 1179648K
  class space    used 10499K, committed 10880K, reserved 1048576K
}
Event: 17.966 GC heap before
{Heap before GC invocations=27 (full 0):
 garbage-first heap   total reserved 2045952K, committed 96256K, used 84394K [0x0000000083200000, 0x0000000100000000)
  region size 1024K, 40 young (40960K), 4 survivors (4096K)
 Metaspace       used 75856K, committed 76608K, reserved 1179648K
  class space    used 10592K, committed 10944K, reserved 1048576K
}
Event: 17.973 GC heap after
{Heap after GC invocations=28 (full 0):
 garbage-first heap   total reserved 2045952K, committed 96256K, used 49261K [0x0000000083200000, 0x0000000100000000)
  region size 1024K, 4 young (4096K), 4 survivors (4096K)
 Metaspace       used 75856K, committed 76608K, reserved 1179648K
  class space    used 10592K, committed 10944K, reserved 1048576K
}
Event: 18.321 GC heap before
{Heap before GC invocations=28 (full 0):
 garbage-first heap   total reserved 2045952K, committed 96256K, used 85101K [0x0000000083200000, 0x0000000100000000)
  region size 1024K, 39 young (39936K), 4 survivors (4096K)
 Metaspace       used 76805K, committed 77696K, reserved 1179648K
  class space    used 10749K, committed 11136K, reserved 1048576K
}
Event: 18.327 GC heap after
{Heap after GC invocations=29 (full 0):
 garbage-first heap   total reserved 2045952K, committed 96256K, used 50482K [0x0000000083200000, 0x0000000100000000)
  region size 1024K, 4 young (4096K), 4 survivors (4096K)
 Metaspace       used 76805K, committed 77696K, reserved 1179648K
  class space    used 10749K, committed 11136K, reserved 1048576K
}
Event: 18.554 GC heap before
{Heap before GC invocations=29 (full 0):
 garbage-first heap   total reserved 2045952K, committed 96256K, used 85298K [0x0000000083200000, 0x0000000100000000)
  region size 1024K, 38 young (38912K), 4 survivors (4096K)
 Metaspace       used 77401K, committed 78208K, reserved 1179648K
  class space    used 10838K, committed 11200K, reserved 1048576K
}
Event: 18.559 GC heap after
{Heap after GC invocations=30 (full 0):
 garbage-first heap   total reserved 2045952K, committed 96256K, used 52212K [0x0000000083200000, 0x0000000100000000)
  region size 1024K, 4 young (4096K), 4 survivors (4096K)
 Metaspace       used 77401K, committed 78208K, reserved 1179648K
  class space    used 10838K, committed 11200K, reserved 1048576K
}
Event: 19.153 GC heap before
{Heap before GC invocations=31 (full 0):
 garbage-first heap   total reserved 2045952K, committed 96256K, used 84980K [0x0000000083200000, 0x0000000100000000)
  region size 1024K, 36 young (36864K), 4 survivors (4096K)
 Metaspace       used 80395K, committed 81344K, reserved 1179648K
  class space    used 11291K, committed 11712K, reserved 1048576K
}
Event: 19.160 GC heap after
{Heap after GC invocations=32 (full 0):
 garbage-first heap   total reserved 2045952K, committed 96256K, used 53922K [0x0000000083200000, 0x0000000100000000)
  region size 1024K, 4 young (4096K), 4 survivors (4096K)
 Metaspace       used 80395K, committed 81344K, reserved 1179648K
  class space    used 11291K, committed 11712K, reserved 1048576K
}
Event: 1799.058 GC heap before
{Heap before GC invocations=32 (full 0):
 garbage-first heap   total reserved 2045952K, committed 96256K, used 84642K [0x0000000083200000, 0x0000000100000000)
  region size 1024K, 34 young (34816K), 4 survivors (4096K)
 Metaspace       used 85478K, committed 86400K, reserved 1179648K
  class space    used 11882K, committed 12288K, reserved 1048576K
}
Event: 1799.289 GC heap after
{Heap after GC invocations=33 (full 0):
 garbage-first heap   total reserved 2045952K, committed 115712K, used 55816K [0x0000000083200000, 0x0000000100000000)
  region size 1024K, 5 young (5120K), 5 survivors (5120K)
 Metaspace       used 85478K, committed 86400K, reserved 1179648K
  class space    used 11882K, committed 12288K, reserved 1048576K
}

